[debug] > Exec(early(addDefaultCommands), None, None)
[debug] > Exec(addDefaultCommands, None, None)
[debug] > Exec(early(initialize), None, None)
[debug] > Exec(initialize, None, None)
[debug] > Exec(early(addPluginSbtFile="""C:\Users\UGOLEE~1\AppData\Local\Temp\idea1.sbt"""), None, None)
[debug] > Exec(addPluginSbtFile="""C:\Users\UGOLEE~1\AppData\Local\Temp\idea1.sbt""", None, None)
[debug] > Exec(boot, None, None)
[debug] > Exec(writeSbtVersion, None, None)
[debug] > Exec(reload, None, None)
[debug] > Exec(sbtStashOnFailure, None, None)
[debug] > Exec(onFailure loadFailed, None, None)
[debug] > Exec(loadp, None, None)
[info] welcome to sbt 1.8.0 (Eclipse Adoptium Java 17.0.6)
[debug]       Load.loadUnit: plugins took 235.6648ms
[debug]       Load.loadUnit: defsScala took 0.553ms
[debug] [Loading] Scanning directory C:\Users\Ugo Lee\.sbt\1.0\plugins
[debug] [Loading] Found non-root projects 
[debug] [Loading] Done in C:\Users\Ugo Lee\.sbt\1.0\plugins, returning: ()
[debug] deducing auto plugins based on known facts Set(Atom(sbt.plugins.CorePlugin)) and clauses Clauses(Clause(Atom(sbt.plugins.JvmPlugin),Set(Atom(sbt.plugins.IvyPlugin)))
[debug] Clause(Atom(sbt.ScriptedPlugin),Set(Atom(sbt.plugins.JvmPlugin)))
[debug] Clause(Atom(sbt.plugins.SbtPlugin),Set(Atom(sbt.ScriptedPlugin)))
[debug] Clause(Atom(sbt.plugins.SemanticdbPlugin),Set(Atom(sbt.plugins.JvmPlugin)))
[debug] Clause(Atom(sbt.plugins.JUnitXmlReportPlugin),Set(Atom(sbt.plugins.JvmPlugin)))
[debug] Clause(Atom(sbt.plugins.MiniDependencyTreePlugin),Set(Atom(sbt.plugins.JvmPlugin)))
[debug] Clause(Atom(sbt.plugins.CorePlugin),Set(Atom(sbt.plugins.IvyPlugin)))
[debug] Clause(Atom(sbt.plugins.IvyPlugin),Set(Atom(sbt.plugins.JvmPlugin)))
[debug] Clause(Atom(sbt.plugins.JvmPlugin),Set(Atom(sbt.plugins.SemanticdbPlugin)))
[debug] Clause(Atom(sbt.plugins.JvmPlugin),Set(Atom(sbt.plugins.JUnitXmlReportPlugin)))
[debug] Clause(Atom(sbt.plugins.CorePlugin),Set(Atom(sbt.plugins.Giter8TemplatePlugin)))
[debug] Clause(Atom(sbt.plugins.JvmPlugin),Set(Atom(sbt.plugins.MiniDependencyTreePlugin))))
[debug]   :: deduced result: Matched(sbt.plugins.CorePlugin,sbt.plugins.Giter8TemplatePlugin,sbt.plugins.IvyPlugin,sbt.plugins.JvmPlugin,sbt.plugins.MiniDependencyTreePlugin,sbt.plugins.JUnitXmlReportPlugin,sbt.plugins.SemanticdbPlugin)
[debug] Plugins.deducer#function took 46.1285 ms
[debug]           Load.resolveProject(global-plugins) took 102.1103ms
[debug]         Load.loadTransitive: finalizeProject(Project(id global-plugins, base: C:\Users\Ugo Lee\.sbt\1.0\plugins, plugins: List(<none>))) took 211.3258ms
[debug] [Loading] Done in C:\Users\Ugo Lee\.sbt\1.0\plugins, returning: (global-plugins)
[debug]       Load.loadUnit: loadedProjectsRaw took 261.1027ms
[debug]       Load.loadUnit: cleanEvalClasses took 0.4022ms
[debug]     Load.loadUnit(file:/C:/Users/Ugo%20Lee/.sbt/1.0/plugins/, ...) took 517.4679ms
[debug]   Load.apply: load took 906.33ms
[debug]   Load.apply: resolveProjects took 26.75ms
[debug]   Load.apply: finalTransforms took 105.3212ms
[debug]   Load.apply: config.delegates took 11.6124ms
[debug]   Load.apply: Def.make(settings)... took 694.0635ms
[debug]   Load.apply: structureIndex took 178.3653ms
[debug]   Load.apply: mkStreams took 2.4111ms
[info] loading global plugins from C:\Users\Ugo Lee\.sbt\1.0\plugins
[debug] Running task... Cancel: Signal, check cycles: false, forcegc: true
[debug] Load.defaultLoad until apply took 3935.9541ms
[debug]           Load.loadUnit: plugins took 32.877ms
[debug]           Load.loadUnit: defsScala took 0.0065ms
[debug] [Loading] Scanning directory C:\Users\Ugo Lee\Desktop\02139 Digital Electronics 2\chisel-lab\lab3\project
[debug]             Load.loadUnit: mkEval took 8.4416ms
[debug] [Loading] Found non-root projects 
[debug] [Loading] Done in C:\Users\Ugo Lee\Desktop\02139 Digital Electronics 2\chisel-lab\lab3\project, returning: ()
[debug] deducing auto plugins based on known facts Set(Atom(sbt.plugins.CorePlugin)) and clauses Clauses(Clause(Atom(sbt.plugins.JvmPlugin),Set(Atom(sbt.plugins.IvyPlugin)))
[debug] Clause(Atom(sbt.ScriptedPlugin),Set(Atom(sbt.plugins.JvmPlugin)))
[debug] Clause(Atom(sbt.plugins.SbtPlugin),Set(Atom(sbt.ScriptedPlugin)))
[debug] Clause(Atom(sbt.plugins.SemanticdbPlugin),Set(Atom(sbt.plugins.JvmPlugin)))
[debug] Clause(Atom(sbt.plugins.JUnitXmlReportPlugin),Set(Atom(sbt.plugins.JvmPlugin)))
[debug] Clause(Atom(sbt.plugins.MiniDependencyTreePlugin),Set(Atom(sbt.plugins.JvmPlugin)))
[debug] Clause(Atom(sbt.plugins.CorePlugin),Set(Atom(sbt.plugins.IvyPlugin)))
[debug] Clause(Atom(sbt.plugins.IvyPlugin),Set(Atom(sbt.plugins.JvmPlugin)))
[debug] Clause(Atom(sbt.plugins.JvmPlugin),Set(Atom(sbt.plugins.SemanticdbPlugin)))
[debug] Clause(Atom(sbt.plugins.JvmPlugin),Set(Atom(sbt.plugins.JUnitXmlReportPlugin)))
[debug] Clause(Atom(sbt.plugins.CorePlugin),Set(Atom(sbt.plugins.Giter8TemplatePlugin)))
[debug] Clause(Atom(sbt.plugins.JvmPlugin),Set(Atom(sbt.plugins.MiniDependencyTreePlugin))))
[debug]   :: deduced result: Matched(sbt.plugins.CorePlugin,sbt.plugins.Giter8TemplatePlugin,sbt.plugins.IvyPlugin,sbt.plugins.JvmPlugin,sbt.plugins.MiniDependencyTreePlugin,sbt.plugins.JUnitXmlReportPlugin,sbt.plugins.SemanticdbPlugin)
[debug] Plugins.deducer#function took 4.7043 ms
[info] loading settings for project lab3-build from idea1.sbt ...
[debug]               Load.resolveProject(lab3-build) took 5.6654ms
[debug]             Load.loadTransitive: finalizeProject(Project(id lab3-build, base: C:\Users\Ugo Lee\Desktop\02139 Digital Electronics 2\chisel-lab\lab3\project, plugins: List(<none>))) took 11.8928ms
[debug] [Loading] Done in C:\Users\Ugo Lee\Desktop\02139 Digital Electronics 2\chisel-lab\lab3\project, returning: (lab3-build)
[debug]           Load.loadUnit: loadedProjectsRaw took 4427.6075ms
[debug]           Load.loadUnit: cleanEvalClasses took 11.3653ms
[debug]         Load.loadUnit(file:/C:/Users/Ugo%20Lee/Desktop/02139%20Digital%20Electronics%202/chisel-lab/lab3/project/, ...) took 4473.3565ms
[debug]       Load.apply: load took 4475.7396ms
[debug]       Load.apply: resolveProjects took 0.1944ms
[debug]       Load.apply: finalTransforms took 22.1395ms
[debug]       Load.apply: config.delegates took 0.8899ms
[debug]       Load.apply: Def.make(settings)... took 240.6098ms
[debug]       Load.apply: structureIndex took 62.0266ms
[debug]       Load.apply: mkStreams took 0.003ms
[info] loading project definition from C:\Users\Ugo Lee\Desktop\02139 Digital Electronics 2\chisel-lab\lab3\project
[debug] Running task... Cancel: Signal, check cycles: false, forcegc: true
[warn] Unrecognized repository Scala Plugin Bundled Repository, ignoring it
[warn] Unrecognized repository Scala Plugin Bundled Repository, ignoring it
[debug]     Load.loadUnit: plugins took 7336.8614ms
[debug]     Load.loadUnit: defsScala took 0.0079ms
[debug] [Loading] Scanning directory C:\Users\Ugo Lee\Desktop\02139 Digital Electronics 2\chisel-lab\lab3
[debug]       Load.loadUnit: mkEval took 1.0266ms
[debug] [Loading] Found non-root projects 
[debug] [Loading] Done in C:\Users\Ugo Lee\Desktop\02139 Digital Electronics 2\chisel-lab\lab3, returning: ()
[debug] deducing auto plugins based on known facts Set(Atom(sbt.plugins.CorePlugin)) and clauses Clauses(Clause(Atom(sbt.plugins.JvmPlugin),Set(Atom(sbt.plugins.IvyPlugin)))
[debug] Clause(Atom(sbt.ScriptedPlugin),Set(Atom(sbt.plugins.JvmPlugin)))
[debug] Clause(Atom(sbt.plugins.SbtPlugin),Set(Atom(sbt.ScriptedPlugin)))
[debug] Clause(Atom(sbt.plugins.SemanticdbPlugin),Set(Atom(sbt.plugins.JvmPlugin)))
[debug] Clause(Atom(sbt.plugins.JUnitXmlReportPlugin),Set(Atom(sbt.plugins.JvmPlugin)))
[debug] Clause(Atom(sbt.plugins.MiniDependencyTreePlugin),Set(Atom(sbt.plugins.JvmPlugin)))
[debug] Clause(Atom(org.jetbrains.sbt.StructurePlugin),Set(Atom(sbt.plugins.JvmPlugin)))
[debug] Clause(Atom(org.jetbrains.sbt.IdeaShellPlugin),Set(Atom(sbt.plugins.JvmPlugin)))
[debug] Clause(Atom(org.jetbrains.sbt.indices.SbtIntellijIndicesPlugin),Set(Atom(sbt.plugins.JvmPlugin)))
[debug] Clause(Atom(sbt.plugins.CorePlugin),Set(Atom(sbt.plugins.IvyPlugin)))
[debug] Clause(Atom(sbt.plugins.IvyPlugin),Set(Atom(sbt.plugins.JvmPlugin)))
[debug] Clause(Atom(sbt.plugins.JvmPlugin),Set(Atom(sbt.plugins.SemanticdbPlugin)))
[debug] Clause(Atom(sbt.plugins.JvmPlugin),Set(Atom(sbt.plugins.JUnitXmlReportPlugin)))
[debug] Clause(Atom(sbt.plugins.CorePlugin),Set(Atom(sbt.plugins.Giter8TemplatePlugin)))
[debug] Clause(Atom(sbt.plugins.JvmPlugin),Set(Atom(sbt.plugins.MiniDependencyTreePlugin)))
[debug] Clause(Atom(sbt.plugins.JvmPlugin),Set(Atom(org.jetbrains.sbt.StructurePlugin)))
[debug] Clause(Atom(sbt.plugins.JvmPlugin),Set(Atom(org.jetbrains.sbt.IdeaShellPlugin)))
[debug] Clause(And(Set(Atom(sbt.plugins.CorePlugin), Atom(sbt.plugins.JvmPlugin))),Set(Atom(org.jetbrains.sbt.indices.SbtIntellijIndicesPlugin))))
[debug]   :: deduced result: Matched(sbt.plugins.CorePlugin,sbt.plugins.Giter8TemplatePlugin,sbt.plugins.IvyPlugin,sbt.plugins.JvmPlugin,sbt.plugins.SemanticdbPlugin,org.jetbrains.sbt.indices.SbtIntellijIndicesPlugin,sbt.plugins.JUnitXmlReportPlugin,org.jetbrains.sbt.IdeaShellPlugin,org.jetbrains.sbt.StructurePlugin,sbt.plugins.MiniDependencyTreePlugin)
[debug] Plugins.deducer#function took 8.2145 ms
[info] loading settings for project lab3 from build.sbt ...
[debug]         Load.resolveProject(lab3) took 67.0076ms
[debug]       Load.loadTransitive: finalizeProject(Project(id lab3, base: C:\Users\Ugo Lee\Desktop\02139 Digital Electronics 2\chisel-lab\lab3, plugins: List(<none>))) took 78.2469ms
[debug] [Loading] Done in C:\Users\Ugo Lee\Desktop\02139 Digital Electronics 2\chisel-lab\lab3, returning: (lab3)
[debug]     Load.loadUnit: loadedProjectsRaw took 4901.2413ms
[debug]     Load.loadUnit: cleanEvalClasses took 72.4311ms
[debug]   Load.loadUnit(file:/C:/Users/Ugo%20Lee/Desktop/02139%20Digital%20Electronics%202/chisel-lab/lab3/, ...) took 12312.4108ms
[debug] Load.apply: load took 12323.9927ms
[debug] Load.apply: resolveProjects took 0.2047ms
[debug] Load.apply: finalTransforms took 61.9293ms
[debug] Load.apply: config.delegates took 1.1401ms
[debug] Load.apply: Def.make(settings)... took 154.8948ms
[debug] Load.apply: structureIndex took 54.3758ms
[debug] Load.apply: mkStreams took 0.0031ms
[info] set current project to lab3 (in build file:/C:/Users/Ugo%20Lee/Desktop/02139%20Digital%20Electronics%202/chisel-lab/lab3/)
[debug] > Exec(sbtPopOnFailure, None, None)
[debug] > Exec(resumeFromFailure, None, None)
[debug] > Exec(notifyUsersAboutShell, None, None)
[debug] > Exec(iflast shell, None, None)
[debug] > Exec(; set ideaPort in Global := 49245 ; idea-shell, None, None)
[debug] > Exec(set ideaPort in Global := 49245, None, None)
[info] Defining Global / ideaPort
[info] The new value will be used by Compile / compile, Test / compile
[debug] Defining 
[debug] 	Global / ideaPort
[debug] 
[debug] The new value will be used by 
[debug] 	Compile / compile
[debug] 	Test / compile
[info] Reapplying settings...
[info] set current project to lab3 (in build file:/C:/Users/Ugo%20Lee/Desktop/02139%20Digital%20Electronics%202/chisel-lab/lab3/)
[debug] > Exec(idea-shell, None, None)
